<?xml version="1.0" encoding="UTF-8"?>
<testsuite xmlns:xsi="http://www.w3.org/2001/XMLSchema-instance" xsi:noNamespaceSchemaLocation="https://maven.apache.org/surefire/maven-surefire-plugin/xsd/surefire-test-report-3.0.xsd" version="3.0" name="cucumber.WeatherRunnerTest" time="19.121" tests="1" errors="0" skipped="0" failures="0">
  <properties>
    <property name="gopherProxySet" value="false"/>
    <property name="awt.toolkit" value="sun.lwawt.macosx.LWCToolkit"/>
    <property name="java.specification.version" value="11"/>
    <property name="sun.cpu.isalist" value=""/>
    <property name="sun.jnu.encoding" value="UTF-8"/>
    <property name="java.class.path" value="/Users/krajacv/Downloads/REST_ASSURED_TEST_MAY_2023/target/test-classes:/Users/krajacv/Downloads/REST_ASSURED_TEST_MAY_2023/target/classes:/Users/krajacv/.m2/repository/io/rest-assured/rest-assured/5.3.0/rest-assured-5.3.0.jar:/Users/krajacv/.m2/repository/org/apache/groovy/groovy/4.0.6/groovy-4.0.6.jar:/Users/krajacv/.m2/repository/org/apache/groovy/groovy-xml/4.0.6/groovy-xml-4.0.6.jar:/Users/krajacv/.m2/repository/org/apache/httpcomponents/httpclient/4.5.13/httpclient-4.5.13.jar:/Users/krajacv/.m2/repository/org/apache/httpcomponents/httpcore/4.4.13/httpcore-4.4.13.jar:/Users/krajacv/.m2/repository/commons-logging/commons-logging/1.2/commons-logging-1.2.jar:/Users/krajacv/.m2/repository/org/apache/httpcomponents/httpmime/4.5.13/httpmime-4.5.13.jar:/Users/krajacv/.m2/repository/org/hamcrest/hamcrest/2.1/hamcrest-2.1.jar:/Users/krajacv/.m2/repository/org/ccil/cowan/tagsoup/tagsoup/1.2.1/tagsoup-1.2.1.jar:/Users/krajacv/.m2/repository/io/rest-assured/json-path/5.3.0/json-path-5.3.0.jar:/Users/krajacv/.m2/repository/org/apache/groovy/groovy-json/4.0.6/groovy-json-4.0.6.jar:/Users/krajacv/.m2/repository/io/rest-assured/rest-assured-common/5.3.0/rest-assured-common-5.3.0.jar:/Users/krajacv/.m2/repository/io/rest-assured/xml-path/5.3.0/xml-path-5.3.0.jar:/Users/krajacv/.m2/repository/org/apache/commons/commons-lang3/3.11/commons-lang3-3.11.jar:/Users/krajacv/.m2/repository/com/fasterxml/jackson/core/jackson-databind/2.15.0/jackson-databind-2.15.0.jar:/Users/krajacv/.m2/repository/com/fasterxml/jackson/core/jackson-annotations/2.15.0/jackson-annotations-2.15.0.jar:/Users/krajacv/.m2/repository/com/fasterxml/jackson/core/jackson-core/2.15.0/jackson-core-2.15.0.jar:/Users/krajacv/.m2/repository/junit/junit/4.12/junit-4.12.jar:/Users/krajacv/.m2/repository/org/hamcrest/hamcrest-core/1.3/hamcrest-core-1.3.jar:/Users/krajacv/.m2/repository/org/json/json/20230227/json-20230227.jar:/Users/krajacv/.m2/repository/io/cucumber/cucumber-java/7.12.0/cucumber-java-7.12.0.jar:/Users/krajacv/.m2/repository/org/apiguardian/apiguardian-api/1.1.2/apiguardian-api-1.1.2.jar:/Users/krajacv/.m2/repository/io/cucumber/cucumber-junit/7.12.0/cucumber-junit-7.12.0.jar:/Users/krajacv/.m2/repository/io/cucumber/cucumber-core/7.12.0/cucumber-core-7.12.0.jar:/Users/krajacv/.m2/repository/io/cucumber/cucumber-gherkin/7.12.0/cucumber-gherkin-7.12.0.jar:/Users/krajacv/.m2/repository/io/cucumber/cucumber-gherkin-messages/7.12.0/cucumber-gherkin-messages-7.12.0.jar:/Users/krajacv/.m2/repository/io/cucumber/gherkin/26.2.0/gherkin-26.2.0.jar:/Users/krajacv/.m2/repository/io/cucumber/messages/22.0.0/messages-22.0.0.jar:/Users/krajacv/.m2/repository/io/cucumber/tag-expressions/5.0.1/tag-expressions-5.0.1.jar:/Users/krajacv/.m2/repository/io/cucumber/cucumber-expressions/16.1.2/cucumber-expressions-16.1.2.jar:/Users/krajacv/.m2/repository/io/cucumber/datatable/7.12.0/datatable-7.12.0.jar:/Users/krajacv/.m2/repository/io/cucumber/cucumber-plugin/7.12.0/cucumber-plugin-7.12.0.jar:/Users/krajacv/.m2/repository/io/cucumber/docstring/7.12.0/docstring-7.12.0.jar:/Users/krajacv/.m2/repository/io/cucumber/html-formatter/20.3.0/html-formatter-20.3.0.jar:/Users/krajacv/.m2/repository/io/cucumber/junit-xml-formatter/0.2.0/junit-xml-formatter-0.2.0.jar:/Users/krajacv/.m2/repository/io/cucumber/ci-environment/9.2.0/ci-environment-9.2.0.jar:/Users/krajacv/.m2/repository/org/apache/poi/poi/4.1.2/poi-4.1.2.jar:/Users/krajacv/.m2/repository/commons-codec/commons-codec/1.13/commons-codec-1.13.jar:/Users/krajacv/.m2/repository/org/apache/commons/commons-collections4/4.4/commons-collections4-4.4.jar:/Users/krajacv/.m2/repository/org/apache/commons/commons-math3/3.6.1/commons-math3-3.6.1.jar:/Users/krajacv/.m2/repository/com/zaxxer/SparseBitSet/1.2/SparseBitSet-1.2.jar:/Users/krajacv/.m2/repository/tech/grasshopper/extentreports-cucumber7-adapter/1.10.1/extentreports-cucumber7-adapter-1.10.1.jar:/Users/krajacv/.m2/repository/com/aventstack/extentreports/5.0.9/extentreports-5.0.9.jar:/Users/krajacv/.m2/repository/io/reactivex/rxjava3/rxjava/3.0.4/rxjava-3.0.4.jar:/Users/krajacv/.m2/repository/org/reactivestreams/reactive-streams/1.0.3/reactive-streams-1.0.3.jar:/Users/krajacv/.m2/repository/org/freemarker/freemarker/2.3.30/freemarker-2.3.30.jar:/Users/krajacv/.m2/repository/com/google/code/gson/gson/2.8.6/gson-2.8.6.jar:/Users/krajacv/.m2/repository/tech/grasshopper/extent-pdf-report/2.9.1/extent-pdf-report-2.9.1.jar:/Users/krajacv/.m2/repository/tech/grasshopper/cucumber-pdf-report/2.11.1/cucumber-pdf-report-2.11.1.jar:/Users/krajacv/.m2/repository/org/apache/pdfbox/pdfbox/2.0.26/pdfbox-2.0.26.jar:/Users/krajacv/.m2/repository/org/apache/pdfbox/fontbox/2.0.26/fontbox-2.0.26.jar:/Users/krajacv/.m2/repository/org/knowm/xchart/xchart/3.8.0/xchart-3.8.0.jar:/Users/krajacv/.m2/repository/de/erichseifert/vectorgraphics2d/VectorGraphics2D/0.13/VectorGraphics2D-0.13.jar:/Users/krajacv/.m2/repository/de/rototor/pdfbox/graphics2d/0.30/graphics2d-0.30.jar:/Users/krajacv/.m2/repository/com/madgag/animated-gif-lib/1.4/animated-gif-lib-1.4.jar:/Users/krajacv/.m2/repository/org/yaml/snakeyaml/1.28/snakeyaml-1.28.jar:/Users/krajacv/.m2/repository/tech/grasshopper/table-layout/1.5.1/table-layout-1.5.1.jar:/Users/krajacv/.m2/repository/tech/grasshopper/rest-assured-cucumber-pdf-report/1.4.1/rest-assured-cucumber-pdf-report-1.4.1.jar:/Users/krajacv/.m2/repository/org/jsoup/jsoup/1.15.3/jsoup-1.15.3.jar:/Users/krajacv/.m2/repository/com/aventstack/klov-reporter/5.0.9/klov-reporter-5.0.9.jar:/Users/krajacv/.m2/repository/org/mongodb/mongodb-driver/3.6.4/mongodb-driver-3.6.4.jar:/Users/krajacv/.m2/repository/org/mongodb/mongodb-driver-core/3.6.4/mongodb-driver-core-3.6.4.jar:/Users/krajacv/.m2/repository/org/mongodb/bson/3.6.4/bson-3.6.4.jar:/Users/krajacv/.m2/repository/tech/grasshopper/htmlextentreporter/1.0.1/htmlextentreporter-1.0.1.jar:/Users/krajacv/.m2/repository/tech/grasshopper/extent-excel-report/1.3.0/extent-excel-report-1.3.0.jar:/Users/krajacv/.m2/repository/org/apache/poi/poi-ooxml/5.2.3/poi-ooxml-5.2.3.jar:/Users/krajacv/.m2/repository/org/apache/poi/poi-ooxml-lite/5.2.3/poi-ooxml-lite-5.2.3.jar:/Users/krajacv/.m2/repository/org/apache/xmlbeans/xmlbeans/5.1.1/xmlbeans-5.1.1.jar:/Users/krajacv/.m2/repository/org/apache/commons/commons-compress/1.21/commons-compress-1.21.jar:/Users/krajacv/.m2/repository/commons-io/commons-io/2.11.0/commons-io-2.11.0.jar:/Users/krajacv/.m2/repository/com/github/virtuald/curvesapi/1.07/curvesapi-1.07.jar:/Users/krajacv/.m2/repository/org/apache/logging/log4j/log4j-api/2.18.0/log4j-api-2.18.0.jar:/Users/krajacv/.m2/repository/org/projectlombok/lombok/1.18.26/lombok-1.18.26.jar:"/>
    <property name="java.vm.vendor" value="Amazon.com Inc."/>
    <property name="sun.arch.data.model" value="64"/>
    <property name="java.vendor.url" value="https://aws.amazon.com/corretto/"/>
    <property name="user.timezone" value=""/>
    <property name="java.vm.specification.version" value="11"/>
    <property name="os.name" value="Mac OS X"/>
    <property name="sun.java.launcher" value="SUN_STANDARD"/>
    <property name="user.country" value="IN"/>
    <property name="sun.boot.library.path" value="/Library/Java/JavaVirtualMachines/amazon-corretto-11.jdk/Contents/Home/lib"/>
    <property name="sun.java.command" value="/Users/krajacv/Downloads/REST_ASSURED_TEST_MAY_2023/target/surefire/surefirebooter-20230625121227180_3.jar /Users/krajacv/Downloads/REST_ASSURED_TEST_MAY_2023/target/surefire 2023-06-25T12-12-26_950-jvmRun1 surefire-20230625121227180_1tmp surefire_0-20230625121227180_2tmp"/>
    <property name="jdk.debug" value="release"/>
    <property name="test" value="cucumber.WeatherRunnerTest"/>
    <property name="surefire.test.class.path" value="/Users/krajacv/Downloads/REST_ASSURED_TEST_MAY_2023/target/test-classes:/Users/krajacv/Downloads/REST_ASSURED_TEST_MAY_2023/target/classes:/Users/krajacv/.m2/repository/io/rest-assured/rest-assured/5.3.0/rest-assured-5.3.0.jar:/Users/krajacv/.m2/repository/org/apache/groovy/groovy/4.0.6/groovy-4.0.6.jar:/Users/krajacv/.m2/repository/org/apache/groovy/groovy-xml/4.0.6/groovy-xml-4.0.6.jar:/Users/krajacv/.m2/repository/org/apache/httpcomponents/httpclient/4.5.13/httpclient-4.5.13.jar:/Users/krajacv/.m2/repository/org/apache/httpcomponents/httpcore/4.4.13/httpcore-4.4.13.jar:/Users/krajacv/.m2/repository/commons-logging/commons-logging/1.2/commons-logging-1.2.jar:/Users/krajacv/.m2/repository/org/apache/httpcomponents/httpmime/4.5.13/httpmime-4.5.13.jar:/Users/krajacv/.m2/repository/org/hamcrest/hamcrest/2.1/hamcrest-2.1.jar:/Users/krajacv/.m2/repository/org/ccil/cowan/tagsoup/tagsoup/1.2.1/tagsoup-1.2.1.jar:/Users/krajacv/.m2/repository/io/rest-assured/json-path/5.3.0/json-path-5.3.0.jar:/Users/krajacv/.m2/repository/org/apache/groovy/groovy-json/4.0.6/groovy-json-4.0.6.jar:/Users/krajacv/.m2/repository/io/rest-assured/rest-assured-common/5.3.0/rest-assured-common-5.3.0.jar:/Users/krajacv/.m2/repository/io/rest-assured/xml-path/5.3.0/xml-path-5.3.0.jar:/Users/krajacv/.m2/repository/org/apache/commons/commons-lang3/3.11/commons-lang3-3.11.jar:/Users/krajacv/.m2/repository/com/fasterxml/jackson/core/jackson-databind/2.15.0/jackson-databind-2.15.0.jar:/Users/krajacv/.m2/repository/com/fasterxml/jackson/core/jackson-annotations/2.15.0/jackson-annotations-2.15.0.jar:/Users/krajacv/.m2/repository/com/fasterxml/jackson/core/jackson-core/2.15.0/jackson-core-2.15.0.jar:/Users/krajacv/.m2/repository/junit/junit/4.12/junit-4.12.jar:/Users/krajacv/.m2/repository/org/hamcrest/hamcrest-core/1.3/hamcrest-core-1.3.jar:/Users/krajacv/.m2/repository/org/json/json/20230227/json-20230227.jar:/Users/krajacv/.m2/repository/io/cucumber/cucumber-java/7.12.0/cucumber-java-7.12.0.jar:/Users/krajacv/.m2/repository/org/apiguardian/apiguardian-api/1.1.2/apiguardian-api-1.1.2.jar:/Users/krajacv/.m2/repository/io/cucumber/cucumber-junit/7.12.0/cucumber-junit-7.12.0.jar:/Users/krajacv/.m2/repository/io/cucumber/cucumber-core/7.12.0/cucumber-core-7.12.0.jar:/Users/krajacv/.m2/repository/io/cucumber/cucumber-gherkin/7.12.0/cucumber-gherkin-7.12.0.jar:/Users/krajacv/.m2/repository/io/cucumber/cucumber-gherkin-messages/7.12.0/cucumber-gherkin-messages-7.12.0.jar:/Users/krajacv/.m2/repository/io/cucumber/gherkin/26.2.0/gherkin-26.2.0.jar:/Users/krajacv/.m2/repository/io/cucumber/messages/22.0.0/messages-22.0.0.jar:/Users/krajacv/.m2/repository/io/cucumber/tag-expressions/5.0.1/tag-expressions-5.0.1.jar:/Users/krajacv/.m2/repository/io/cucumber/cucumber-expressions/16.1.2/cucumber-expressions-16.1.2.jar:/Users/krajacv/.m2/repository/io/cucumber/datatable/7.12.0/datatable-7.12.0.jar:/Users/krajacv/.m2/repository/io/cucumber/cucumber-plugin/7.12.0/cucumber-plugin-7.12.0.jar:/Users/krajacv/.m2/repository/io/cucumber/docstring/7.12.0/docstring-7.12.0.jar:/Users/krajacv/.m2/repository/io/cucumber/html-formatter/20.3.0/html-formatter-20.3.0.jar:/Users/krajacv/.m2/repository/io/cucumber/junit-xml-formatter/0.2.0/junit-xml-formatter-0.2.0.jar:/Users/krajacv/.m2/repository/io/cucumber/ci-environment/9.2.0/ci-environment-9.2.0.jar:/Users/krajacv/.m2/repository/org/apache/poi/poi/4.1.2/poi-4.1.2.jar:/Users/krajacv/.m2/repository/commons-codec/commons-codec/1.13/commons-codec-1.13.jar:/Users/krajacv/.m2/repository/org/apache/commons/commons-collections4/4.4/commons-collections4-4.4.jar:/Users/krajacv/.m2/repository/org/apache/commons/commons-math3/3.6.1/commons-math3-3.6.1.jar:/Users/krajacv/.m2/repository/com/zaxxer/SparseBitSet/1.2/SparseBitSet-1.2.jar:/Users/krajacv/.m2/repository/tech/grasshopper/extentreports-cucumber7-adapter/1.10.1/extentreports-cucumber7-adapter-1.10.1.jar:/Users/krajacv/.m2/repository/com/aventstack/extentreports/5.0.9/extentreports-5.0.9.jar:/Users/krajacv/.m2/repository/io/reactivex/rxjava3/rxjava/3.0.4/rxjava-3.0.4.jar:/Users/krajacv/.m2/repository/org/reactivestreams/reactive-streams/1.0.3/reactive-streams-1.0.3.jar:/Users/krajacv/.m2/repository/org/freemarker/freemarker/2.3.30/freemarker-2.3.30.jar:/Users/krajacv/.m2/repository/com/google/code/gson/gson/2.8.6/gson-2.8.6.jar:/Users/krajacv/.m2/repository/tech/grasshopper/extent-pdf-report/2.9.1/extent-pdf-report-2.9.1.jar:/Users/krajacv/.m2/repository/tech/grasshopper/cucumber-pdf-report/2.11.1/cucumber-pdf-report-2.11.1.jar:/Users/krajacv/.m2/repository/org/apache/pdfbox/pdfbox/2.0.26/pdfbox-2.0.26.jar:/Users/krajacv/.m2/repository/org/apache/pdfbox/fontbox/2.0.26/fontbox-2.0.26.jar:/Users/krajacv/.m2/repository/org/knowm/xchart/xchart/3.8.0/xchart-3.8.0.jar:/Users/krajacv/.m2/repository/de/erichseifert/vectorgraphics2d/VectorGraphics2D/0.13/VectorGraphics2D-0.13.jar:/Users/krajacv/.m2/repository/de/rototor/pdfbox/graphics2d/0.30/graphics2d-0.30.jar:/Users/krajacv/.m2/repository/com/madgag/animated-gif-lib/1.4/animated-gif-lib-1.4.jar:/Users/krajacv/.m2/repository/org/yaml/snakeyaml/1.28/snakeyaml-1.28.jar:/Users/krajacv/.m2/repository/tech/grasshopper/table-layout/1.5.1/table-layout-1.5.1.jar:/Users/krajacv/.m2/repository/tech/grasshopper/rest-assured-cucumber-pdf-report/1.4.1/rest-assured-cucumber-pdf-report-1.4.1.jar:/Users/krajacv/.m2/repository/org/jsoup/jsoup/1.15.3/jsoup-1.15.3.jar:/Users/krajacv/.m2/repository/com/aventstack/klov-reporter/5.0.9/klov-reporter-5.0.9.jar:/Users/krajacv/.m2/repository/org/mongodb/mongodb-driver/3.6.4/mongodb-driver-3.6.4.jar:/Users/krajacv/.m2/repository/org/mongodb/mongodb-driver-core/3.6.4/mongodb-driver-core-3.6.4.jar:/Users/krajacv/.m2/repository/org/mongodb/bson/3.6.4/bson-3.6.4.jar:/Users/krajacv/.m2/repository/tech/grasshopper/htmlextentreporter/1.0.1/htmlextentreporter-1.0.1.jar:/Users/krajacv/.m2/repository/tech/grasshopper/extent-excel-report/1.3.0/extent-excel-report-1.3.0.jar:/Users/krajacv/.m2/repository/org/apache/poi/poi-ooxml/5.2.3/poi-ooxml-5.2.3.jar:/Users/krajacv/.m2/repository/org/apache/poi/poi-ooxml-lite/5.2.3/poi-ooxml-lite-5.2.3.jar:/Users/krajacv/.m2/repository/org/apache/xmlbeans/xmlbeans/5.1.1/xmlbeans-5.1.1.jar:/Users/krajacv/.m2/repository/org/apache/commons/commons-compress/1.21/commons-compress-1.21.jar:/Users/krajacv/.m2/repository/commons-io/commons-io/2.11.0/commons-io-2.11.0.jar:/Users/krajacv/.m2/repository/com/github/virtuald/curvesapi/1.07/curvesapi-1.07.jar:/Users/krajacv/.m2/repository/org/apache/logging/log4j/log4j-api/2.18.0/log4j-api-2.18.0.jar:/Users/krajacv/.m2/repository/org/projectlombok/lombok/1.18.26/lombok-1.18.26.jar:"/>
    <property name="sun.cpu.endian" value="little"/>
    <property name="user.home" value="/Users/krajacv"/>
    <property name="user.language" value="en"/>
    <property name="java.specification.vendor" value="Oracle Corporation"/>
    <property name="java.version.date" value="2023-04-18"/>
    <property name="java.home" value="/Library/Java/JavaVirtualMachines/amazon-corretto-11.jdk/Contents/Home"/>
    <property name="file.separator" value="/"/>
    <property name="basedir" value="/Users/krajacv/Downloads/REST_ASSURED_TEST_MAY_2023"/>
    <property name="java.vm.compressedOopsMode" value="Zero based"/>
    <property name="line.separator" value="&#10;"/>
    <property name="java.specification.name" value="Java Platform API Specification"/>
    <property name="java.vm.specification.vendor" value="Oracle Corporation"/>
    <property name="java.awt.graphicsenv" value="sun.awt.CGraphicsEnvironment"/>
    <property name="surefire.real.class.path" value="/Users/krajacv/Downloads/REST_ASSURED_TEST_MAY_2023/target/surefire/surefirebooter-20230625121227180_3.jar"/>
    <property name="sun.management.compiler" value="HotSpot 64-Bit Tiered Compilers"/>
    <property name="java.runtime.version" value="11.0.19+7-LTS"/>
    <property name="user.name" value="krajacv"/>
    <property name="path.separator" value=":"/>
    <property name="os.version" value="12.6"/>
    <property name="java.runtime.name" value="OpenJDK Runtime Environment"/>
    <property name="file.encoding" value="UTF-8"/>
    <property name="java.vm.name" value="OpenJDK 64-Bit Server VM"/>
    <property name="java.vendor.version" value="Corretto-11.0.19.7.1"/>
    <property name="localRepository" value="/Users/krajacv/.m2/repository"/>
    <property name="java.vendor.url.bug" value="https://github.com/corretto/corretto-11/issues/"/>
    <property name="java.io.tmpdir" value="/var/folders/jv/jymlf_1x4ts8jm_phnlk8nf40000gr/T/"/>
    <property name="java.version" value="11.0.19"/>
    <property name="user.dir" value="/Users/krajacv/Downloads/REST_ASSURED_TEST_MAY_2023"/>
    <property name="os.arch" value="x86_64"/>
    <property name="java.vm.specification.name" value="Java Virtual Machine Specification"/>
    <property name="java.awt.printerjob" value="sun.lwawt.macosx.CPrinterJob"/>
    <property name="sun.os.patch.level" value="unknown"/>
    <property name="java.library.path" value="/Users/krajacv/Library/Java/Extensions:/Library/Java/Extensions:/Network/Library/Java/Extensions:/System/Library/Java/Extensions:/usr/lib/java:."/>
    <property name="java.vm.info" value="mixed mode"/>
    <property name="java.vendor" value="Amazon.com Inc."/>
    <property name="java.vm.version" value="11.0.19+7-LTS"/>
    <property name="sun.io.unicode.encoding" value="UnicodeBig"/>
    <property name="java.class.version" value="55.0"/>
  </properties>
  <testcase name="Test the weather API for given city" classname="Test Weather Example from OpenWeatherMap" time="5.316">
    <system-out><![CDATA[Before First Step of Each Scenario
Total Row num is 3
This is giving inputs step
This is the Execution of API step
{
    "coord": {
        "lon": -104.9847,
        "lat": 39.7392
    },
    "weather": [
        {
            "id": 801,
            "main": "Clouds",
            "description": "few clouds",
            "icon": "02n"
        }
    ],
    "base": "stations",
    "main": {
        "temp": 289.36,
        "feels_like": 288.73,
        "temp_min": 286.19,
        "temp_max": 290.79,
        "pressure": 1016,
        "humidity": 65
    },
    "visibility": 10000,
    "wind": {
        "speed": 1.34,
        "deg": 31
    },
    "clouds": {
        "all": 11
    },
    "dt": 1687675272,
    "sys": {
        "type": 2,
        "id": 2004334,
        "country": "US",
        "sunrise": 1687692787,
        "sunset": 1687746710
    },
    "timezone": -21600,
    "id": 5419384,
    "name": "Denver",
    "cod": 200
}
{
    "coord": {
        "lon": 80.2785,
        "lat": 13.0878
    },
    "weather": [
        {
            "id": 802,
            "main": "Clouds",
            "description": "scattered clouds",
            "icon": "03d"
        }
    ],
    "base": "stations",
    "main": {
        "temp": 306.46,
        "feels_like": 313.46,
        "temp_min": 306.14,
        "temp_max": 306.46,
        "pressure": 1009,
        "humidity": 63
    },
    "visibility": 6000,
    "wind": {
        "speed": 5.14,
        "deg": 270
    },
    "clouds": {
        "all": 40
    },
    "dt": 1687674711,
    "sys": {
        "type": 2,
        "id": 2012809,
        "country": "IN",
        "sunrise": 1687652069,
        "sunset": 1687698489
    },
    "timezone": 19800,
    "id": 1264527,
    "name": "Chennai",
    "cod": 200
}
This is the Validating response step[Denver, Chennai]
]]></system-out>
  </testcase>
</testsuite>